<?xml version="1.0" encoding="UTF-8"?>
<testng-results total="0" passed="0" failed="0" skipped="0">
  <reporter-output>
  </reporter-output>
  <suite started-at="2018-07-02T13:16:29Z" name="my_Package.testBase.TestBase" finished-at="2018-07-02T13:16:29Z" duration-ms="6">
    <groups>
    </groups>
    <test started-at="2018-07-02T13:16:29Z" name="Command line test" finished-at="2018-07-02T13:16:29Z" duration-ms="6">
    </test> <!-- Command line test -->
  </suite> <!-- my_Package.testBase.TestBase -->
</testng-results>
