<?xml version="1.0" encoding="UTF-8"?>
<!-- Generated by org.testng.reporters.JUnitXMLReporter -->
<testsuite hostname="lenovo" failures="1" tests="3" name="Test" time="52.515" errors="0" timestamp="30 Jul 2018 13:45:03 GMT">
  <testcase classname="leads_Page.TestLeadsPage" name="test_LeadsPage" time="22.738"/>
  <testcase classname="leads_Page.TestLeadsPage" name="test_LeadsPage" time="20.011"/>
  <testcase classname="leads_Page.TestLeadsPage" name="test_LeadsPage" time="0.0">
    <failure type="java.lang.NullPointerException">
      <![CDATA[java.lang.NullPointerException
	at leads_Page.TestLeadsPage.test_LeadsPage(TestLeadsPage.java:33)
... Removed 24 stack frames]]>
    </failure>
  </testcase> <!-- test_LeadsPage -->
</testsuite> <!-- Test -->
