<?xml version="1.0" encoding="UTF-8"?>
<!-- Generated by org.testng.reporters.JUnitXMLReporter -->
<testsuite hostname="lenovo" failures="0" tests="3" name="Test" time="35.227" errors="0" timestamp="8 Jul 2018 09:18:45 GMT">
  <testcase classname="login_Page.TestLoginPage" name="test_LoginPage" time="9.764"/>
  <testcase classname="login_Page.TestLoginPage" name="test_LoginPage" time="8.198"/>
  <testcase classname="login_Page.TestLoginPage" name="test_LoginPage" time="8.52"/>
</testsuite> <!-- Test -->
