<?xml version="1.0" encoding="UTF-8"?>
<testng-results total="3" passed="2" failed="1" skipped="0">
  <reporter-output>
  </reporter-output>
  <suite started-at="2018-07-30T13:44:10Z" name="SmokeTest" finished-at="2018-07-30T13:45:02Z" duration-ms="52515">
    <groups>
    </groups>
    <test started-at="2018-07-30T13:44:10Z" name="Test" finished-at="2018-07-30T13:45:02Z" duration-ms="52515">
      <class name="leads_Page.TestLeadsPage">
        <test-method is-config="true" signature="launchBrowser()[pri:0, instance:leads_Page.TestLeadsPage@5fbe4146]" started-at="2018-07-30T19:14:10Z" name="launchBrowser" finished-at="2018-07-30T19:14:16Z" duration-ms="6050" status="PASS">
          <reporter-output>
          </reporter-output>
        </test-method> <!-- launchBrowser -->
        <test-method is-config="true" signature="beforeClassName()[pri:0, instance:leads_Page.TestLeadsPage@5fbe4146]" started-at="2018-07-30T19:14:16Z" name="beforeClassName" finished-at="2018-07-30T19:14:18Z" duration-ms="1939" status="PASS">
          <reporter-output>
          </reporter-output>
        </test-method> <!-- beforeClassName -->
        <test-method signature="test_LeadsPage(java.lang.String, java.lang.String, java.lang.String, java.lang.String, java.lang.String, java.lang.String, java.lang.String, java.lang.String, java.lang.String, java.lang.String, java.lang.String, java.lang.String, java.lang.String, java.lang.String, java.lang.String, java.lang.String, java.lang.String, java.lang.String)[pri:0, instance:leads_Page.TestLeadsPage@5fbe4146]" started-at="2018-07-30T19:14:20Z" name="test_LeadsPage" data-provider="testData" finished-at="2018-07-30T19:14:42Z" duration-ms="22738" status="PASS">
          <params>
            <param index="0">
              <value>
                <![CDATA[admin]]>
              </value>
            </param>
            <param index="1">
              <value>
                <![CDATA[password]]>
              </value>
            </param>
            <param index="2">
              <value>
                <![CDATA[ramu]]>
              </value>
            </param>
            <param index="3">
              <value>
                <![CDATA[krish]]>
              </value>
            </param>
            <param index="4">
              <value>
                <![CDATA[amdoc]]>
              </value>
            </param>
            <param index="5">
              <value>
                <![CDATA[sr lead]]>
              </value>
            </param>
            <param index="6">
              <value>
                <![CDATA[50000]]>
              </value>
            </param>
            <param index="7">
              <value>
                <![CDATA[12]]>
              </value>
            </param>
            <param index="8">
              <value>
                <![CDATA[krish.ramu@gmail.com]]>
              </value>
            </param>
            <param index="9">
              <value>
                <![CDATA[rimini]]>
              </value>
            </param>
            <param index="10">
              <value>
                <![CDATA[560037]]>
              </value>
            </param>
            <param index="11">
              <value>
                <![CDATA[india]]>
              </value>
            </param>
            <param index="12">
              <value>
                <![CDATA[Un Comment]]>
              </value>
            </param>
            <param index="13">
              <value>
                <![CDATA[08025364678]]>
              </value>
            </param>
            <param index="14">
              <value>
                <![CDATA[9966770007]]>
              </value>
            </param>
            <param index="15">
              <value>
                <![CDATA[080. 22867226]]>
              </value>
            </param>
            <param index="16">
              <value>
                <![CDATA[r.krish@gmail.com]]>
              </value>
            </param>
            <param index="17">
              <value>
                <![CDATA[Y]]>
              </value>
            </param>
          </params>
          <reporter-output>
          </reporter-output>
        </test-method> <!-- test_LeadsPage -->
        <test-method signature="test_LeadsPage(java.lang.String, java.lang.String, java.lang.String, java.lang.String, java.lang.String, java.lang.String, java.lang.String, java.lang.String, java.lang.String, java.lang.String, java.lang.String, java.lang.String, java.lang.String, java.lang.String, java.lang.String, java.lang.String, java.lang.String, java.lang.String)[pri:0, instance:leads_Page.TestLeadsPage@5fbe4146]" started-at="2018-07-30T19:14:42Z" name="test_LeadsPage" data-provider="testData" finished-at="2018-07-30T19:15:02Z" duration-ms="20011" status="PASS">
          <params>
            <param index="0">
              <value>
                <![CDATA[admin]]>
              </value>
            </param>
            <param index="1">
              <value>
                <![CDATA[password]]>
              </value>
            </param>
            <param index="2">
              <value>
                <![CDATA[manju]]>
              </value>
            </param>
            <param index="3">
              <value>
                <![CDATA[thada]]>
              </value>
            </param>
            <param index="4">
              <value>
                <![CDATA[happay]]>
              </value>
            </param>
            <param index="5">
              <value>
                <![CDATA[jr lead]]>
              </value>
            </param>
            <param index="6">
              <value>
                <![CDATA[40000]]>
              </value>
            </param>
            <param index="7">
              <value>
                <![CDATA[14]]>
              </value>
            </param>
            <param index="8">
              <value>
                <![CDATA[manju.t@gmail.com]]>
              </value>
            </param>
            <param index="9">
              <value>
                <![CDATA[jayanagar]]>
              </value>
            </param>
            <param index="10">
              <value>
                <![CDATA[560038]]>
              </value>
            </param>
            <param index="11">
              <value>
                <![CDATA[india]]>
              </value>
            </param>
            <param index="12">
              <value>
                <![CDATA[hard working]]>
              </value>
            </param>
            <param index="13">
              <value>
                <![CDATA[8025645824]]>
              </value>
            </param>
            <param index="14">
              <value>
                <![CDATA[9900055006]]>
              </value>
            </param>
            <param index="15">
              <value>
                <![CDATA[808.28568956]]>
              </value>
            </param>
            <param index="16">
              <value>
                <![CDATA[thada.m@gmail.com]]>
              </value>
            </param>
            <param index="17">
              <value>
                <![CDATA[Y]]>
              </value>
            </param>
          </params>
          <reporter-output>
          </reporter-output>
        </test-method> <!-- test_LeadsPage -->
        <test-method signature="test_LeadsPage(java.lang.String, java.lang.String, java.lang.String, java.lang.String, java.lang.String, java.lang.String, java.lang.String, java.lang.String, java.lang.String, java.lang.String, java.lang.String, java.lang.String, java.lang.String, java.lang.String, java.lang.String, java.lang.String, java.lang.String, java.lang.String)[pri:0, instance:leads_Page.TestLeadsPage@5fbe4146]" started-at="2018-07-30T19:15:02Z" name="test_LeadsPage" data-provider="testData" finished-at="2018-07-30T19:15:02Z" duration-ms="0" status="FAIL">
          <params>
            <param index="0">
              <value is-null="true"/>
            </param>
            <param index="1">
              <value is-null="true"/>
            </param>
            <param index="2">
              <value is-null="true"/>
            </param>
            <param index="3">
              <value is-null="true"/>
            </param>
            <param index="4">
              <value is-null="true"/>
            </param>
            <param index="5">
              <value is-null="true"/>
            </param>
            <param index="6">
              <value is-null="true"/>
            </param>
            <param index="7">
              <value is-null="true"/>
            </param>
            <param index="8">
              <value is-null="true"/>
            </param>
            <param index="9">
              <value is-null="true"/>
            </param>
            <param index="10">
              <value is-null="true"/>
            </param>
            <param index="11">
              <value is-null="true"/>
            </param>
            <param index="12">
              <value is-null="true"/>
            </param>
            <param index="13">
              <value is-null="true"/>
            </param>
            <param index="14">
              <value is-null="true"/>
            </param>
            <param index="15">
              <value is-null="true"/>
            </param>
            <param index="16">
              <value is-null="true"/>
            </param>
            <param index="17">
              <value is-null="true"/>
            </param>
          </params>
          <exception class="java.lang.NullPointerException">
            <full-stacktrace>
              <![CDATA[java.lang.NullPointerException
	at leads_Page.TestLeadsPage.test_LeadsPage(TestLeadsPage.java:33)
	at java.base/jdk.internal.reflect.NativeMethodAccessorImpl.invoke0(Native Method)
	at java.base/jdk.internal.reflect.NativeMethodAccessorImpl.invoke(NativeMethodAccessorImpl.java:62)
	at java.base/jdk.internal.reflect.DelegatingMethodAccessorImpl.invoke(DelegatingMethodAccessorImpl.java:43)
	at java.base/java.lang.reflect.Method.invoke(Method.java:564)
	at org.testng.internal.MethodInvocationHelper.invokeMethod(MethodInvocationHelper.java:80)
	at org.testng.internal.Invoker.invokeMethod(Invoker.java:714)
	at org.testng.internal.Invoker.invokeTestMethod(Invoker.java:901)
	at org.testng.internal.Invoker.invokeTestMethods(Invoker.java:1231)
	at org.testng.internal.TestMethodWorker.invokeTestMethods(TestMethodWorker.java:127)
	at org.testng.internal.TestMethodWorker.run(TestMethodWorker.java:111)
	at org.testng.TestRunner.privateRun(TestRunner.java:767)
	at org.testng.TestRunner.run(TestRunner.java:617)
	at org.testng.SuiteRunner.runTest(SuiteRunner.java:334)
	at org.testng.SuiteRunner.runSequentially(SuiteRunner.java:329)
	at org.testng.SuiteRunner.privateRun(SuiteRunner.java:291)
	at org.testng.SuiteRunner.run(SuiteRunner.java:240)
	at org.testng.SuiteRunnerWorker.runSuite(SuiteRunnerWorker.java:52)
	at org.testng.SuiteRunnerWorker.run(SuiteRunnerWorker.java:86)
	at org.testng.TestNG.runSuitesSequentially(TestNG.java:1198)
	at org.testng.TestNG.runSuitesLocally(TestNG.java:1123)
	at org.testng.TestNG.run(TestNG.java:1031)
	at org.testng.remote.AbstractRemoteTestNG.run(AbstractRemoteTestNG.java:114)
	at org.testng.remote.RemoteTestNG.initAndRun(RemoteTestNG.java:251)
	at org.testng.remote.RemoteTestNG.main(RemoteTestNG.java:77)
]]>
            </full-stacktrace>
          </exception> <!-- java.lang.NullPointerException -->
          <reporter-output>
          </reporter-output>
        </test-method> <!-- test_LeadsPage -->
      </class> <!-- leads_Page.TestLeadsPage -->
    </test> <!-- Test -->
  </suite> <!-- SmokeTest -->
</testng-results>
